<?xml version="1.0" encoding="UTF-8"?>
<!-- Generated by org.testng.reporters.JUnitReportReporter -->
<testsuite skipped="0" hostname="DESKTOP-DAPEO3T" name="com.log4jtest.Log4jTest" tests="2" failures="0" timestamp="09 Jul 2018 06:24:23 GMT" time="48.632" errors="0">
  <testcase name="freeCrmTitleTest" time="21.159" classname="com.log4jtest.Log4jTest"/>
  <testcase name="freemCRMLogoTest" time="27.473" classname="com.log4jtest.Log4jTest"/>
</testsuite> <!-- com.log4jtest.Log4jTest -->
